<?xml version="1.0" encoding="UTF-8"?>
<testng-results skipped="0" failed="0" ignored="0" total="1" passed="1">
  <reporter-output>
  </reporter-output>
  <suite name="Default suite" duration-ms="48" started-at="2018-01-24T10:43:31Z" finished-at="2018-01-24T10:43:31Z">
    <groups>
    </groups>
    <test name="Default test" duration-ms="48" started-at="2018-01-24T10:43:31Z" finished-at="2018-01-24T10:43:31Z">
      <class name="com.qa.tests.LoginPageTest">
        <test-method status="PASS" signature="loginTest()[pri:0, instance:com.qa.tests.LoginPageTest@2a5ca609]" name="loginTest" duration-ms="5" started-at="2018-01-24T10:43:31Z" finished-at="2018-01-24T10:43:31Z">
          <reporter-output>
          </reporter-output>
        </test-method> <!-- loginTest -->
      </class> <!-- com.qa.tests.LoginPageTest -->
    </test> <!-- Default test -->
  </suite> <!-- Default suite -->
</testng-results>
